/home/pi/Projects/blindly-server/Sensors.js:3
export default class Sensors {
^^^^^^
SyntaxError: Unexpected token export
    at createScript (vm.js:56:10)
    at Object.runInThisContext (vm.js:97:10)
    at Module._compile (module.js:542:28)
    at Object.Module._extensions..js (module.js:579:10)
    at Module.load (module.js:487:32)
    at tryModuleLoad (module.js:446:12)
    at Function.Module._load (module.js:438:3)
    at Module.require (module.js:497:17)
    at require (internal/module.js:20:19)
    at Object.<anonymous> (/home/pi/Projects/blindly-server/server.js:7:15)
error: Forever detected script exited with code: 1
error: Script restart attempt #1
/home/pi/Projects/blindly-server/Sensors.js:3
export default class Sensors {
^^^^^^
SyntaxError: Unexpected token export
    at createScript (vm.js:56:10)
    at Object.runInThisContext (vm.js:97:10)
    at Module._compile (module.js:542:28)
    at Object.Module._extensions..js (module.js:579:10)
    at Module.load (module.js:487:32)
    at tryModuleLoad (module.js:446:12)
    at Function.Module._load (module.js:438:3)
    at Module.require (module.js:497:17)
    at require (internal/module.js:20:19)
    at Object.<anonymous> (/home/pi/Projects/blindly-server/server.js:7:15)
error: Forever detected script exited with code: 1
error: Script restart attempt #2
/home/pi/Projects/blindly-server/Sensors.js:3
export default class Sensors {
^^^^^^
SyntaxError: Unexpected token export
    at createScript (vm.js:56:10)
    at Object.runInThisContext (vm.js:97:10)
    at Module._compile (module.js:542:28)
    at Object.Module._extensions..js (module.js:579:10)
    at Module.load (module.js:487:32)
    at tryModuleLoad (module.js:446:12)
    at Function.Module._load (module.js:438:3)
    at Module.require (module.js:497:17)
    at require (internal/module.js:20:19)
    at Object.<anonymous> (/home/pi/Projects/blindly-server/server.js:7:15)
error: Forever detected script exited with code: 1
error: Script restart attempt #3
/home/pi/Projects/blindly-server/Sensors.js:3
export default class Sensors {
^^^^^^
SyntaxError: Unexpected token export
    at createScript (vm.js:56:10)
    at Object.runInThisContext (vm.js:97:10)
    at Module._compile (module.js:542:28)
    at Object.Module._extensions..js (module.js:579:10)
    at Module.load (module.js:487:32)
    at tryModuleLoad (module.js:446:12)
    at Function.Module._load (module.js:438:3)
    at Module.require (module.js:497:17)
    at require (internal/module.js:20:19)
    at Object.<anonymous> (/home/pi/Projects/blindly-server/server.js:7:15)
error: Forever detected script exited with code: 1
error: Script restart attempt #4
/home/pi/Projects/blindly-server/Sensors.js:3
export default class Sensors {
^^^^^^
SyntaxError: Unexpected token export
    at createScript (vm.js:56:10)
    at Object.runInThisContext (vm.js:97:10)
    at Module._compile (module.js:542:28)
    at Object.Module._extensions..js (module.js:579:10)
    at Module.load (module.js:487:32)
    at tryModuleLoad (module.js:446:12)
    at Function.Module._load (module.js:438:3)
    at Module.require (module.js:497:17)
    at require (internal/module.js:20:19)
    at Object.<anonymous> (/home/pi/Projects/blindly-server/server.js:7:15)
error: Forever detected script exited with code: 1
error: Script restart attempt #5
/home/pi/Projects/blindly-server/Sensors.js:3
export default class Sensors {
^^^^^^
SyntaxError: Unexpected token export
    at createScript (vm.js:56:10)
    at Object.runInThisContext (vm.js:97:10)
    at Module._compile (module.js:542:28)
    at Object.Module._extensions..js (module.js:579:10)
    at Module.load (module.js:487:32)
    at tryModuleLoad (module.js:446:12)
    at Function.Module._load (module.js:438:3)
    at Module.require (module.js:497:17)
    at require (internal/module.js:20:19)
    at Object.<anonymous> (/home/pi/Projects/blindly-server/server.js:7:15)
error: Forever detected script exited with code: 1
error: Script restart attempt #6
/home/pi/Projects/blindly-server/Sensors.js:3
export default class Sensors {
^^^^^^
SyntaxError: Unexpected token export
    at createScript (vm.js:56:10)
    at Object.runInThisContext (vm.js:97:10)
    at Module._compile (module.js:542:28)
    at Object.Module._extensions..js (module.js:579:10)
    at Module.load (module.js:487:32)
    at tryModuleLoad (module.js:446:12)
    at Function.Module._load (module.js:438:3)
    at Module.require (module.js:497:17)
    at require (internal/module.js:20:19)
    at Object.<anonymous> (/home/pi/Projects/blindly-server/server.js:7:15)
error: Forever detected script exited with code: 1
error: Script restart attempt #7
/home/pi/Projects/blindly-server/Sensors.js:3
export default class Sensors {
^^^^^^
SyntaxError: Unexpected token export
    at createScript (vm.js:56:10)
    at Object.runInThisContext (vm.js:97:10)
    at Module._compile (module.js:542:28)
    at Object.Module._extensions..js (module.js:579:10)
    at Module.load (module.js:487:32)
    at tryModuleLoad (module.js:446:12)
    at Function.Module._load (module.js:438:3)
    at Module.require (module.js:497:17)
    at require (internal/module.js:20:19)
    at Object.<anonymous> (/home/pi/Projects/blindly-server/server.js:7:15)
error: Forever detected script exited with code: 1
error: Script restart attempt #8
/home/pi/Projects/blindly-server/Sensors.js:3
export default class Sensors {
^^^^^^
SyntaxError: Unexpected token export
    at createScript (vm.js:56:10)
    at Object.runInThisContext (vm.js:97:10)
    at Module._compile (module.js:542:28)
    at Object.Module._extensions..js (module.js:579:10)
    at Module.load (module.js:487:32)
    at tryModuleLoad (module.js:446:12)
    at Function.Module._load (module.js:438:3)
    at Module.require (module.js:497:17)
    at require (internal/module.js:20:19)
    at Object.<anonymous> (/home/pi/Projects/blindly-server/server.js:7:15)
error: Forever detected script exited with code: 1
error: Script restart attempt #9
/home/pi/Projects/blindly-server/Sensors.js:3
export default class Sensors {
^^^^^^
SyntaxError: Unexpected token export
    at createScript (vm.js:56:10)
    at Object.runInThisContext (vm.js:97:10)
    at Module._compile (module.js:542:28)
    at Object.Module._extensions..js (module.js:579:10)
    at Module.load (module.js:487:32)
    at tryModuleLoad (module.js:446:12)
    at Function.Module._load (module.js:438:3)
    at Module.require (module.js:497:17)
    at require (internal/module.js:20:19)
    at Object.<anonymous> (/home/pi/Projects/blindly-server/server.js:7:15)
error: Forever detected script exited with code: 1
error: Script restart attempt #10
/home/pi/Projects/blindly-server/Sensors.js:3
export default class Sensors {
^^^^^^
SyntaxError: Unexpected token export
    at createScript (vm.js:56:10)
    at Object.runInThisContext (vm.js:97:10)
    at Module._compile (module.js:542:28)
    at Object.Module._extensions..js (module.js:579:10)
    at Module.load (module.js:487:32)
    at tryModuleLoad (module.js:446:12)
    at Function.Module._load (module.js:438:3)
    at Module.require (module.js:497:17)
    at require (internal/module.js:20:19)
    at Object.<anonymous> (/home/pi/Projects/blindly-server/server.js:7:15)
error: Forever detected script exited with code: 1
error: Script restart attempt #11
/home/pi/Projects/blindly-server/Sensors.js:3
export default class Sensors {
^^^^^^
SyntaxError: Unexpected token export
    at createScript (vm.js:56:10)
    at Object.runInThisContext (vm.js:97:10)
    at Module._compile (module.js:542:28)
    at Object.Module._extensions..js (module.js:579:10)
    at Module.load (module.js:487:32)
    at tryModuleLoad (module.js:446:12)
    at Function.Module._load (module.js:438:3)
    at Module.require (module.js:497:17)
    at require (internal/module.js:20:19)
    at Object.<anonymous> (/home/pi/Projects/blindly-server/server.js:7:15)
error: Forever detected script exited with code: 1
error: Script restart attempt #12
/home/pi/Projects/blindly-server/Sensors.js:3
export default class Sensors {
^^^^^^
SyntaxError: Unexpected token export
    at createScript (vm.js:56:10)
    at Object.runInThisContext (vm.js:97:10)
    at Module._compile (module.js:542:28)
    at Object.Module._extensions..js (module.js:579:10)
    at Module.load (module.js:487:32)
    at tryModuleLoad (module.js:446:12)
    at Function.Module._load (module.js:438:3)
    at Module.require (module.js:497:17)
    at require (internal/module.js:20:19)
    at Object.<anonymous> (/home/pi/Projects/blindly-server/server.js:7:15)
error: Forever detected script exited with code: 1
error: Script restart attempt #13
/home/pi/Projects/blindly-server/Sensors.js:3
export default class Sensors {
^^^^^^
SyntaxError: Unexpected token export
    at createScript (vm.js:56:10)
    at Object.runInThisContext (vm.js:97:10)
    at Module._compile (module.js:542:28)
    at Object.Module._extensions..js (module.js:579:10)
    at Module.load (module.js:487:32)
    at tryModuleLoad (module.js:446:12)
    at Function.Module._load (module.js:438:3)
    at Module.require (module.js:497:17)
    at require (internal/module.js:20:19)
    at Object.<anonymous> (/home/pi/Projects/blindly-server/server.js:7:15)
error: Forever detected script exited with code: 1
error: Script restart attempt #14
/home/pi/Projects/blindly-server/Sensors.js:3
export default class Sensors {
^^^^^^
SyntaxError: Unexpected token export
    at createScript (vm.js:56:10)
    at Object.runInThisContext (vm.js:97:10)
    at Module._compile (module.js:542:28)
    at Object.Module._extensions..js (module.js:579:10)
    at Module.load (module.js:487:32)
    at tryModuleLoad (module.js:446:12)
    at Function.Module._load (module.js:438:3)
    at Module.require (module.js:497:17)
    at require (internal/module.js:20:19)
    at Object.<anonymous> (/home/pi/Projects/blindly-server/server.js:7:15)
error: Forever detected script exited with code: 1
error: Script restart attempt #15
/home/pi/Projects/blindly-server/Sensors.js:3
export default class Sensors {
^^^^^^
SyntaxError: Unexpected token export
    at createScript (vm.js:56:10)
    at Object.runInThisContext (vm.js:97:10)
    at Module._compile (module.js:542:28)
    at Object.Module._extensions..js (module.js:579:10)
    at Module.load (module.js:487:32)
    at tryModuleLoad (module.js:446:12)
    at Function.Module._load (module.js:438:3)
    at Module.require (module.js:497:17)
    at require (internal/module.js:20:19)
    at Object.<anonymous> (/home/pi/Projects/blindly-server/server.js:7:15)
error: Forever detected script exited with code: 1
error: Script restart attempt #16
/home/pi/Projects/blindly-server/Sensors.js:3
export default class Sensors {
^^^^^^
SyntaxError: Unexpected token export
    at createScript (vm.js:56:10)
    at Object.runInThisContext (vm.js:97:10)
    at Module._compile (module.js:542:28)
    at Object.Module._extensions..js (module.js:579:10)
    at Module.load (module.js:487:32)
    at tryModuleLoad (module.js:446:12)
    at Function.Module._load (module.js:438:3)
    at Module.require (module.js:497:17)
    at require (internal/module.js:20:19)
    at Object.<anonymous> (/home/pi/Projects/blindly-server/server.js:7:15)
error: Forever detected script exited with code: 1
error: Script restart attempt #17
/home/pi/Projects/blindly-server/Sensors.js:3
export default class Sensors {
^^^^^^
SyntaxError: Unexpected token export
    at createScript (vm.js:56:10)
    at Object.runInThisContext (vm.js:97:10)
    at Module._compile (module.js:542:28)
    at Object.Module._extensions..js (module.js:579:10)
    at Module.load (module.js:487:32)
    at tryModuleLoad (module.js:446:12)
    at Function.Module._load (module.js:438:3)
    at Module.require (module.js:497:17)
    at require (internal/module.js:20:19)
    at Object.<anonymous> (/home/pi/Projects/blindly-server/server.js:7:15)
error: Forever detected script exited with code: 1
error: Script restart attempt #18
/home/pi/Projects/blindly-server/Sensors.js:3
export default class Sensors {
^^^^^^
SyntaxError: Unexpected token export
    at createScript (vm.js:56:10)
    at Object.runInThisContext (vm.js:97:10)
    at Module._compile (module.js:542:28)
    at Object.Module._extensions..js (module.js:579:10)
    at Module.load (module.js:487:32)
    at tryModuleLoad (module.js:446:12)
    at Function.Module._load (module.js:438:3)
    at Module.require (module.js:497:17)
    at require (internal/module.js:20:19)
    at Object.<anonymous> (/home/pi/Projects/blindly-server/server.js:7:15)
error: Forever detected script exited with code: 1
error: Script restart attempt #19
/home/pi/Projects/blindly-server/Sensors.js:3
export default class Sensors {
^^^^^^
SyntaxError: Unexpected token export
    at createScript (vm.js:56:10)
    at Object.runInThisContext (vm.js:97:10)
    at Module._compile (module.js:542:28)
    at Object.Module._extensions..js (module.js:579:10)
    at Module.load (module.js:487:32)
    at tryModuleLoad (module.js:446:12)
    at Function.Module._load (module.js:438:3)
    at Module.require (module.js:497:17)
    at require (internal/module.js:20:19)
    at Object.<anonymous> (/home/pi/Projects/blindly-server/server.js:7:15)
error: Forever detected script exited with code: 1
error: Script restart attempt #20
/home/pi/Projects/blindly-server/Sensors.js:3
export default class Sensors {
^^^^^^
SyntaxError: Unexpected token export
    at createScript (vm.js:56:10)
    at Object.runInThisContext (vm.js:97:10)
    at Module._compile (module.js:542:28)
    at Object.Module._extensions..js (module.js:579:10)
    at Module.load (module.js:487:32)
    at tryModuleLoad (module.js:446:12)
    at Function.Module._load (module.js:438:3)
    at Module.require (module.js:497:17)
    at require (internal/module.js:20:19)
    at Object.<anonymous> (/home/pi/Projects/blindly-server/server.js:7:15)
error: Forever detected script exited with code: 1
error: Script restart attempt #21
/home/pi/Projects/blindly-server/Sensors.js:3
export default class Sensors {
^^^^^^
SyntaxError: Unexpected token export
    at createScript (vm.js:56:10)
    at Object.runInThisContext (vm.js:97:10)
    at Module._compile (module.js:542:28)
    at Object.Module._extensions..js (module.js:579:10)
    at Module.load (module.js:487:32)
    at tryModuleLoad (module.js:446:12)
    at Function.Module._load (module.js:438:3)
    at Module.require (module.js:497:17)
    at require (internal/module.js:20:19)
    at Object.<anonymous> (/home/pi/Projects/blindly-server/server.js:7:15)
error: Forever detected script exited with code: 1
error: Script restart attempt #22
/home/pi/Projects/blindly-server/Sensors.js:3
export default class Sensors {
^^^^^^
SyntaxError: Unexpected token export
    at createScript (vm.js:56:10)
    at Object.runInThisContext (vm.js:97:10)
    at Module._compile (module.js:542:28)
    at Object.Module._extensions..js (module.js:579:10)
    at Module.load (module.js:487:32)
    at tryModuleLoad (module.js:446:12)
    at Function.Module._load (module.js:438:3)
    at Module.require (module.js:497:17)
    at require (internal/module.js:20:19)
    at Object.<anonymous> (/home/pi/Projects/blindly-server/server.js:7:15)
error: Forever detected script exited with code: 1
error: Script restart attempt #23
/home/pi/Projects/blindly-server/Sensors.js:3
export default class Sensors {
^^^^^^
SyntaxError: Unexpected token export
    at createScript (vm.js:56:10)
    at Object.runInThisContext (vm.js:97:10)
    at Module._compile (module.js:542:28)
    at Object.Module._extensions..js (module.js:579:10)
    at Module.load (module.js:487:32)
    at tryModuleLoad (module.js:446:12)
    at Function.Module._load (module.js:438:3)
    at Module.require (module.js:497:17)
    at require (internal/module.js:20:19)
    at Object.<anonymous> (/home/pi/Projects/blindly-server/server.js:7:15)
error: Forever detected script exited with code: 1
error: Script restart attempt #24
/home/pi/Projects/blindly-server/Sensors.js:3
export default class Sensors {
^^^^^^
SyntaxError: Unexpected token export
    at createScript (vm.js:56:10)
    at Object.runInThisContext (vm.js:97:10)
    at Module._compile (module.js:542:28)
    at Object.Module._extensions..js (module.js:579:10)
    at Module.load (module.js:487:32)
    at tryModuleLoad (module.js:446:12)
    at Function.Module._load (module.js:438:3)
    at Module.require (module.js:497:17)
    at require (internal/module.js:20:19)
    at Object.<anonymous> (/home/pi/Projects/blindly-server/server.js:7:15)
error: Forever detected script exited with code: 1
error: Script restart attempt #25
/home/pi/Projects/blindly-server/Sensors.js:3
export default class Sensors {
^^^^^^
SyntaxError: Unexpected token export
    at createScript (vm.js:56:10)
    at Object.runInThisContext (vm.js:97:10)
    at Module._compile (module.js:542:28)
    at Object.Module._extensions..js (module.js:579:10)
    at Module.load (module.js:487:32)
    at tryModuleLoad (module.js:446:12)
    at Function.Module._load (module.js:438:3)
    at Module.require (module.js:497:17)
    at require (internal/module.js:20:19)
    at Object.<anonymous> (/home/pi/Projects/blindly-server/server.js:7:15)
error: Forever detected script exited with code: 1
error: Script restart attempt #26
/home/pi/Projects/blindly-server/Sensors.js:3
export default class Sensors {
^^^^^^
SyntaxError: Unexpected token export
    at createScript (vm.js:56:10)
    at Object.runInThisContext (vm.js:97:10)
    at Module._compile (module.js:542:28)
    at Object.Module._extensions..js (module.js:579:10)
    at Module.load (module.js:487:32)
    at tryModuleLoad (module.js:446:12)
    at Function.Module._load (module.js:438:3)
    at Module.require (module.js:497:17)
    at require (internal/module.js:20:19)
    at Object.<anonymous> (/home/pi/Projects/blindly-server/server.js:7:15)
error: Forever detected script exited with code: 1
error: Script restart attempt #27
/home/pi/Projects/blindly-server/Sensors.js:3
export default class Sensors {
^^^^^^
SyntaxError: Unexpected token export
    at createScript (vm.js:56:10)
    at Object.runInThisContext (vm.js:97:10)
    at Module._compile (module.js:542:28)
    at Object.Module._extensions..js (module.js:579:10)
    at Module.load (module.js:487:32)
    at tryModuleLoad (module.js:446:12)
    at Function.Module._load (module.js:438:3)
    at Module.require (module.js:497:17)
    at require (internal/module.js:20:19)
    at Object.<anonymous> (/home/pi/Projects/blindly-server/server.js:7:15)
error: Forever detected script exited with code: 1
error: Script restart attempt #28
/home/pi/Projects/blindly-server/Sensors.js:3
export default class Sensors {
^^^^^^
SyntaxError: Unexpected token export
    at createScript (vm.js:56:10)
    at Object.runInThisContext (vm.js:97:10)
    at Module._compile (module.js:542:28)
    at Object.Module._extensions..js (module.js:579:10)
    at Module.load (module.js:487:32)
    at tryModuleLoad (module.js:446:12)
    at Function.Module._load (module.js:438:3)
    at Module.require (module.js:497:17)
    at require (internal/module.js:20:19)
    at Object.<anonymous> (/home/pi/Projects/blindly-server/server.js:7:15)
error: Forever detected script exited with code: 1
error: Script restart attempt #29
/home/pi/Projects/blindly-server/Sensors.js:3
export default class Sensors {
^^^^^^
SyntaxError: Unexpected token export
    at createScript (vm.js:56:10)
    at Object.runInThisContext (vm.js:97:10)
    at Module._compile (module.js:542:28)
    at Object.Module._extensions..js (module.js:579:10)
    at Module.load (module.js:487:32)
    at tryModuleLoad (module.js:446:12)
    at Function.Module._load (module.js:438:3)
    at Module.require (module.js:497:17)
    at require (internal/module.js:20:19)
    at Object.<anonymous> (/home/pi/Projects/blindly-server/server.js:7:15)
error: Forever detected script exited with code: 1
error: Script restart attempt #30
/home/pi/Projects/blindly-server/Sensors.js:3
export default class Sensors {
^^^^^^
SyntaxError: Unexpected token export
    at createScript (vm.js:56:10)
    at Object.runInThisContext (vm.js:97:10)
    at Module._compile (module.js:542:28)
    at Object.Module._extensions..js (module.js:579:10)
    at Module.load (module.js:487:32)
    at tryModuleLoad (module.js:446:12)
    at Function.Module._load (module.js:438:3)
    at Module.require (module.js:497:17)
    at require (internal/module.js:20:19)
    at Object.<anonymous> (/home/pi/Projects/blindly-server/server.js:7:15)
error: Forever detected script exited with code: 1
error: Script restart attempt #31
/home/pi/Projects/blindly-server/Sensors.js:3
export default class Sensors {
^^^^^^
SyntaxError: Unexpected token export
    at createScript (vm.js:56:10)
    at Object.runInThisContext (vm.js:97:10)
    at Module._compile (module.js:542:28)
    at Object.Module._extensions..js (module.js:579:10)
    at Module.load (module.js:487:32)
    at tryModuleLoad (module.js:446:12)
    at Function.Module._load (module.js:438:3)
    at Module.require (module.js:497:17)
    at require (internal/module.js:20:19)
    at Object.<anonymous> (/home/pi/Projects/blindly-server/server.js:7:15)
error: Forever detected script exited with code: 1
error: Script restart attempt #32
/home/pi/Projects/blindly-server/Sensors.js:3
export default class Sensors {
^^^^^^
SyntaxError: Unexpected token export
    at createScript (vm.js:56:10)
    at Object.runInThisContext (vm.js:97:10)
    at Module._compile (module.js:542:28)
    at Object.Module._extensions..js (module.js:579:10)
    at Module.load (module.js:487:32)
    at tryModuleLoad (module.js:446:12)
    at Function.Module._load (module.js:438:3)
    at Module.require (module.js:497:17)
    at require (internal/module.js:20:19)
    at Object.<anonymous> (/home/pi/Projects/blindly-server/server.js:7:15)
error: Forever detected script exited with code: 1
error: Script restart attempt #33
/home/pi/Projects/blindly-server/Sensors.js:3
export default class Sensors {
^^^^^^
SyntaxError: Unexpected token export
    at createScript (vm.js:56:10)
    at Object.runInThisContext (vm.js:97:10)
    at Module._compile (module.js:542:28)
    at Object.Module._extensions..js (module.js:579:10)
    at Module.load (module.js:487:32)
    at tryModuleLoad (module.js:446:12)
    at Function.Module._load (module.js:438:3)
    at Module.require (module.js:497:17)
    at require (internal/module.js:20:19)
    at Object.<anonymous> (/home/pi/Projects/blindly-server/server.js:7:15)
error: Forever detected script exited with code: 1
error: Script restart attempt #34
/home/pi/Projects/blindly-server/Sensors.js:3
export default class Sensors {
^^^^^^
SyntaxError: Unexpected token export
    at createScript (vm.js:56:10)
    at Object.runInThisContext (vm.js:97:10)
    at Module._compile (module.js:542:28)
    at Object.Module._extensions..js (module.js:579:10)
    at Module.load (module.js:487:32)
    at tryModuleLoad (module.js:446:12)
    at Function.Module._load (module.js:438:3)
    at Module.require (module.js:497:17)
    at require (internal/module.js:20:19)
    at Object.<anonymous> (/home/pi/Projects/blindly-server/server.js:7:15)
error: Forever detected script exited with code: 1
error: Script restart attempt #35
/home/pi/Projects/blindly-server/Sensors.js:3
export default class Sensors {
^^^^^^
SyntaxError: Unexpected token export
    at createScript (vm.js:56:10)
    at Object.runInThisContext (vm.js:97:10)
    at Module._compile (module.js:542:28)
    at Object.Module._extensions..js (module.js:579:10)
    at Module.load (module.js:487:32)
    at tryModuleLoad (module.js:446:12)
    at Function.Module._load (module.js:438:3)
    at Module.require (module.js:497:17)
    at require (internal/module.js:20:19)
    at Object.<anonymous> (/home/pi/Projects/blindly-server/server.js:7:15)
error: Forever detected script exited with code: 1
error: Script restart attempt #36
/home/pi/Projects/blindly-server/Sensors.js:3
export default class Sensors {
^^^^^^
SyntaxError: Unexpected token export
    at createScript (vm.js:56:10)
    at Object.runInThisContext (vm.js:97:10)
    at Module._compile (module.js:542:28)
    at Object.Module._extensions..js (module.js:579:10)
    at Module.load (module.js:487:32)
    at tryModuleLoad (module.js:446:12)
    at Function.Module._load (module.js:438:3)
    at Module.require (module.js:497:17)
    at require (internal/module.js:20:19)
    at Object.<anonymous> (/home/pi/Projects/blindly-server/server.js:7:15)
error: Forever detected script exited with code: 1
error: Script restart attempt #37
/home/pi/Projects/blindly-server/Sensors.js:3
export default class Sensors {
^^^^^^
SyntaxError: Unexpected token export
    at createScript (vm.js:56:10)
    at Object.runInThisContext (vm.js:97:10)
    at Module._compile (module.js:542:28)
    at Object.Module._extensions..js (module.js:579:10)
    at Module.load (module.js:487:32)
    at tryModuleLoad (module.js:446:12)
    at Function.Module._load (module.js:438:3)
    at Module.require (module.js:497:17)
    at require (internal/module.js:20:19)
    at Object.<anonymous> (/home/pi/Projects/blindly-server/server.js:7:15)
error: Forever detected script exited with code: 1
error: Script restart attempt #38
/home/pi/Projects/blindly-server/Sensors.js:3
export default class Sensors {
^^^^^^
SyntaxError: Unexpected token export
    at createScript (vm.js:56:10)
    at Object.runInThisContext (vm.js:97:10)
    at Module._compile (module.js:542:28)
    at Object.Module._extensions..js (module.js:579:10)
    at Module.load (module.js:487:32)
    at tryModuleLoad (module.js:446:12)
    at Function.Module._load (module.js:438:3)
    at Module.require (module.js:497:17)
    at require (internal/module.js:20:19)
    at Object.<anonymous> (/home/pi/Projects/blindly-server/server.js:7:15)
error: Forever detected script exited with code: 1
error: Script restart attempt #39
/home/pi/Projects/blindly-server/Sensors.js:3
export default class Sensors {
^^^^^^
SyntaxError: Unexpected token export
    at createScript (vm.js:56:10)
    at Object.runInThisContext (vm.js:97:10)
    at Module._compile (module.js:542:28)
    at Object.Module._extensions..js (module.js:579:10)
    at Module.load (module.js:487:32)
    at tryModuleLoad (module.js:446:12)
    at Function.Module._load (module.js:438:3)
    at Module.require (module.js:497:17)
    at require (internal/module.js:20:19)
    at Object.<anonymous> (/home/pi/Projects/blindly-server/server.js:7:15)
error: Forever detected script exited with code: 1
error: Script restart attempt #40
/home/pi/Projects/blindly-server/Sensors.js:3
export default class Sensors {
^^^^^^
SyntaxError: Unexpected token export
    at createScript (vm.js:56:10)
    at Object.runInThisContext (vm.js:97:10)
    at Module._compile (module.js:542:28)
    at Object.Module._extensions..js (module.js:579:10)
    at Module.load (module.js:487:32)
    at tryModuleLoad (module.js:446:12)
    at Function.Module._load (module.js:438:3)
    at Module.require (module.js:497:17)
    at require (internal/module.js:20:19)
    at Object.<anonymous> (/home/pi/Projects/blindly-server/server.js:7:15)
error: Forever detected script exited with code: 1
error: Script restart attempt #41
/home/pi/Projects/blindly-server/Sensors.js:3
export default class Sensors {
^^^^^^
SyntaxError: Unexpected token export
    at createScript (vm.js:56:10)
    at Object.runInThisContext (vm.js:97:10)
    at Module._compile (module.js:542:28)
    at Object.Module._extensions..js (module.js:579:10)
    at Module.load (module.js:487:32)
    at tryModuleLoad (module.js:446:12)
    at Function.Module._load (module.js:438:3)
    at Module.require (module.js:497:17)
    at require (internal/module.js:20:19)
    at Object.<anonymous> (/home/pi/Projects/blindly-server/server.js:7:15)
error: Forever detected script exited with code: 1
error: Script restart attempt #42
/home/pi/Projects/blindly-server/Sensors.js:3
export default class Sensors {
^^^^^^
SyntaxError: Unexpected token export
    at createScript (vm.js:56:10)
    at Object.runInThisContext (vm.js:97:10)
    at Module._compile (module.js:542:28)
    at Object.Module._extensions..js (module.js:579:10)
    at Module.load (module.js:487:32)
    at tryModuleLoad (module.js:446:12)
    at Function.Module._load (module.js:438:3)
    at Module.require (module.js:497:17)
    at require (internal/module.js:20:19)
    at Object.<anonymous> (/home/pi/Projects/blindly-server/server.js:7:15)
error: Forever detected script exited with code: 1
error: Script restart attempt #43
/home/pi/Projects/blindly-server/Sensors.js:3
export default class Sensors {
^^^^^^
SyntaxError: Unexpected token export
    at createScript (vm.js:56:10)
    at Object.runInThisContext (vm.js:97:10)
    at Module._compile (module.js:542:28)
    at Object.Module._extensions..js (module.js:579:10)
    at Module.load (module.js:487:32)
    at tryModuleLoad (module.js:446:12)
    at Function.Module._load (module.js:438:3)
    at Module.require (module.js:497:17)
    at require (internal/module.js:20:19)
    at Object.<anonymous> (/home/pi/Projects/blindly-server/server.js:7:15)
error: Forever detected script exited with code: 1
error: Script restart attempt #44
/home/pi/Projects/blindly-server/Sensors.js:3
export default class Sensors {
^^^^^^
SyntaxError: Unexpected token export
    at createScript (vm.js:56:10)
    at Object.runInThisContext (vm.js:97:10)
    at Module._compile (module.js:542:28)
    at Object.Module._extensions..js (module.js:579:10)
    at Module.load (module.js:487:32)
    at tryModuleLoad (module.js:446:12)
    at Function.Module._load (module.js:438:3)
    at Module.require (module.js:497:17)
    at require (internal/module.js:20:19)
    at Object.<anonymous> (/home/pi/Projects/blindly-server/server.js:7:15)
error: Forever detected script exited with code: 1
error: Script restart attempt #45
/home/pi/Projects/blindly-server/Sensors.js:3
export default class Sensors {
^^^^^^
SyntaxError: Unexpected token export
    at createScript (vm.js:56:10)
    at Object.runInThisContext (vm.js:97:10)
    at Module._compile (module.js:542:28)
    at Object.Module._extensions..js (module.js:579:10)
    at Module.load (module.js:487:32)
    at tryModuleLoad (module.js:446:12)
    at Function.Module._load (module.js:438:3)
    at Module.require (module.js:497:17)
    at require (internal/module.js:20:19)
    at Object.<anonymous> (/home/pi/Projects/blindly-server/server.js:7:15)
error: Forever detected script exited with code: 1
error: Script restart attempt #46
/home/pi/Projects/blindly-server/Sensors.js:3
export default class Sensors {
^^^^^^
SyntaxError: Unexpected token export
    at createScript (vm.js:56:10)
    at Object.runInThisContext (vm.js:97:10)
    at Module._compile (module.js:542:28)
    at Object.Module._extensions..js (module.js:579:10)
    at Module.load (module.js:487:32)
    at tryModuleLoad (module.js:446:12)
    at Function.Module._load (module.js:438:3)
    at Module.require (module.js:497:17)
    at require (internal/module.js:20:19)
    at Object.<anonymous> (/home/pi/Projects/blindly-server/server.js:7:15)
error: Forever detected script exited with code: 1
error: Script restart attempt #47
/home/pi/Projects/blindly-server/Sensors.js:3
export default class Sensors {
^^^^^^
SyntaxError: Unexpected token export
    at createScript (vm.js:56:10)
    at Object.runInThisContext (vm.js:97:10)
    at Module._compile (module.js:542:28)
    at Object.Module._extensions..js (module.js:579:10)
    at Module.load (module.js:487:32)
    at tryModuleLoad (module.js:446:12)
    at Function.Module._load (module.js:438:3)
    at Module.require (module.js:497:17)
    at require (internal/module.js:20:19)
    at Object.<anonymous> (/home/pi/Projects/blindly-server/server.js:7:15)
error: Forever detected script exited with code: 1
error: Script restart attempt #48
/home/pi/Projects/blindly-server/Sensors.js:3
export default class Sensors {
^^^^^^
SyntaxError: Unexpected token export
    at createScript (vm.js:56:10)
    at Object.runInThisContext (vm.js:97:10)
    at Module._compile (module.js:542:28)
    at Object.Module._extensions..js (module.js:579:10)
    at Module.load (module.js:487:32)
    at tryModuleLoad (module.js:446:12)
    at Function.Module._load (module.js:438:3)
    at Module.require (module.js:497:17)
    at require (internal/module.js:20:19)
    at Object.<anonymous> (/home/pi/Projects/blindly-server/server.js:7:15)
error: Forever detected script exited with code: 1
error: Script restart attempt #49
/home/pi/Projects/blindly-server/Sensors.js:3
export default class Sensors {
^^^^^^
SyntaxError: Unexpected token export
    at createScript (vm.js:56:10)
    at Object.runInThisContext (vm.js:97:10)
    at Module._compile (module.js:542:28)
    at Object.Module._extensions..js (module.js:579:10)
    at Module.load (module.js:487:32)
    at tryModuleLoad (module.js:446:12)
    at Function.Module._load (module.js:438:3)
    at Module.require (module.js:497:17)
    at require (internal/module.js:20:19)
    at Object.<anonymous> (/home/pi/Projects/blindly-server/server.js:7:15)
error: Forever detected script exited with code: 1
error: Script restart attempt #50
/home/pi/Projects/blindly-server/Sensors.js:3
export default class Sensors {
^^^^^^
SyntaxError: Unexpected token export
    at createScript (vm.js:56:10)
    at Object.runInThisContext (vm.js:97:10)
    at Module._compile (module.js:542:28)
    at Object.Module._extensions..js (module.js:579:10)
    at Module.load (module.js:487:32)
    at tryModuleLoad (module.js:446:12)
    at Function.Module._load (module.js:438:3)
    at Module.require (module.js:497:17)
    at require (internal/module.js:20:19)
    at Object.<anonymous> (/home/pi/Projects/blindly-server/server.js:7:15)
error: Forever detected script exited with code: 1
error: Script restart attempt #51
/home/pi/Projects/blindly-server/Sensors.js:3
export default class Sensors {
^^^^^^
SyntaxError: Unexpected token export
    at createScript (vm.js:56:10)
    at Object.runInThisContext (vm.js:97:10)
    at Module._compile (module.js:542:28)
    at Object.Module._extensions..js (module.js:579:10)
    at Module.load (module.js:487:32)
    at tryModuleLoad (module.js:446:12)
    at Function.Module._load (module.js:438:3)
    at Module.require (module.js:497:17)
    at require (internal/module.js:20:19)
    at Object.<anonymous> (/home/pi/Projects/blindly-server/server.js:7:15)
error: Forever detected script exited with code: 1
error: Script restart attempt #52
/home/pi/Projects/blindly-server/Sensors.js:3
export default class Sensors {
^^^^^^
SyntaxError: Unexpected token export
    at createScript (vm.js:56:10)
    at Object.runInThisContext (vm.js:97:10)
    at Module._compile (module.js:542:28)
    at Object.Module._extensions..js (module.js:579:10)
    at Module.load (module.js:487:32)
    at tryModuleLoad (module.js:446:12)
    at Function.Module._load (module.js:438:3)
    at Module.require (module.js:497:17)
    at require (internal/module.js:20:19)
    at Object.<anonymous> (/home/pi/Projects/blindly-server/server.js:7:15)
error: Forever detected script exited with code: 1
error: Script restart attempt #1
/home/pi/Projects/blindly-server/Sensors.js:3
export default class Sensors {
^^^^^^
SyntaxError: Unexpected token export
    at createScript (vm.js:56:10)
    at Object.runInThisContext (vm.js:97:10)
    at Module._compile (module.js:542:28)
    at Object.Module._extensions..js (module.js:579:10)
    at Module.load (module.js:487:32)
    at tryModuleLoad (module.js:446:12)
    at Function.Module._load (module.js:438:3)
    at Module.require (module.js:497:17)
    at require (internal/module.js:20:19)
    at Object.<anonymous> (/home/pi/Projects/blindly-server/server.js:7:15)
error: Forever detected script exited with code: 1
error: Script restart attempt #2
/home/pi/Projects/blindly-server/Sensors.js:3
export default class Sensors {
^^^^^^
SyntaxError: Unexpected token export
    at createScript (vm.js:56:10)
    at Object.runInThisContext (vm.js:97:10)
    at Module._compile (module.js:542:28)
    at Object.Module._extensions..js (module.js:579:10)
    at Module.load (module.js:487:32)
    at tryModuleLoad (module.js:446:12)
    at Function.Module._load (module.js:438:3)
    at Module.require (module.js:497:17)
    at require (internal/module.js:20:19)
    at Object.<anonymous> (/home/pi/Projects/blindly-server/server.js:7:15)
error: Forever detected script exited with code: 1
error: Script restart attempt #3
/home/pi/Projects/blindly-server/Sensors.js:3
export default class Sensors {
^^^^^^
SyntaxError: Unexpected token export
    at createScript (vm.js:56:10)
    at Object.runInThisContext (vm.js:97:10)
    at Module._compile (module.js:542:28)
    at Object.Module._extensions..js (module.js:579:10)
    at Module.load (module.js:487:32)
    at tryModuleLoad (module.js:446:12)
    at Function.Module._load (module.js:438:3)
    at Module.require (module.js:497:17)
    at require (internal/module.js:20:19)
    at Object.<anonymous> (/home/pi/Projects/blindly-server/server.js:7:15)
error: Forever detected script exited with code: 1
error: Script restart attempt #4
/home/pi/Projects/blindly-server/Sensors.js:3
export default class Sensors {
^^^^^^
SyntaxError: Unexpected token export
    at createScript (vm.js:56:10)
    at Object.runInThisContext (vm.js:97:10)
    at Module._compile (module.js:542:28)
    at Object.Module._extensions..js (module.js:579:10)
    at Module.load (module.js:487:32)
    at tryModuleLoad (module.js:446:12)
    at Function.Module._load (module.js:438:3)
    at Module.require (module.js:497:17)
    at require (internal/module.js:20:19)
    at Object.<anonymous> (/home/pi/Projects/blindly-server/server.js:7:15)
error: Forever detected script exited with code: 1
error: Script restart attempt #5
/home/pi/Projects/blindly-server/Sensors.js:3
export default class Sensors {
^^^^^^
SyntaxError: Unexpected token export
    at createScript (vm.js:56:10)
    at Object.runInThisContext (vm.js:97:10)
    at Module._compile (module.js:542:28)
    at Object.Module._extensions..js (module.js:579:10)
    at Module.load (module.js:487:32)
    at tryModuleLoad (module.js:446:12)
    at Function.Module._load (module.js:438:3)
    at Module.require (module.js:497:17)
    at require (internal/module.js:20:19)
    at Object.<anonymous> (/home/pi/Projects/blindly-server/server.js:7:15)
error: Forever detected script exited with code: 1
error: Script restart attempt #6
/home/pi/Projects/blindly-server/Sensors.js:3
export default class Sensors {
^^^^^^
SyntaxError: Unexpected token export
    at createScript (vm.js:56:10)
    at Object.runInThisContext (vm.js:97:10)
    at Module._compile (module.js:542:28)
    at Object.Module._extensions..js (module.js:579:10)
    at Module.load (module.js:487:32)
    at tryModuleLoad (module.js:446:12)
    at Function.Module._load (module.js:438:3)
    at Module.require (module.js:497:17)
    at require (internal/module.js:20:19)
    at Object.<anonymous> (/home/pi/Projects/blindly-server/server.js:7:15)
error: Forever detected script exited with code: 1
error: Script restart attempt #7
/home/pi/Projects/blindly-server/Sensors.js:3
export default class Sensors {
^^^^^^
SyntaxError: Unexpected token export
    at createScript (vm.js:56:10)
    at Object.runInThisContext (vm.js:97:10)
    at Module._compile (module.js:542:28)
    at Object.Module._extensions..js (module.js:579:10)
    at Module.load (module.js:487:32)
    at tryModuleLoad (module.js:446:12)
    at Function.Module._load (module.js:438:3)
    at Module.require (module.js:497:17)
    at require (internal/module.js:20:19)
    at Object.<anonymous> (/home/pi/Projects/blindly-server/server.js:7:15)
error: Forever detected script exited with code: 1
error: Script restart attempt #8
/home/pi/Projects/blindly-server/Sensors.js:3
export default class Sensors {
^^^^^^
SyntaxError: Unexpected token export
    at createScript (vm.js:56:10)
    at Object.runInThisContext (vm.js:97:10)
    at Module._compile (module.js:542:28)
    at Object.Module._extensions..js (module.js:579:10)
    at Module.load (module.js:487:32)
    at tryModuleLoad (module.js:446:12)
    at Function.Module._load (module.js:438:3)
    at Module.require (module.js:497:17)
    at require (internal/module.js:20:19)
    at Object.<anonymous> (/home/pi/Projects/blindly-server/server.js:7:15)
error: Forever detected script exited with code: 1
error: Script restart attempt #9
/home/pi/Projects/blindly-server/Sensors.js:3
export default class Sensors {
^^^^^^
SyntaxError: Unexpected token export
    at createScript (vm.js:56:10)
    at Object.runInThisContext (vm.js:97:10)
    at Module._compile (module.js:542:28)
    at Object.Module._extensions..js (module.js:579:10)
    at Module.load (module.js:487:32)
    at tryModuleLoad (module.js:446:12)
    at Function.Module._load (module.js:438:3)
    at Module.require (module.js:497:17)
    at require (internal/module.js:20:19)
    at Object.<anonymous> (/home/pi/Projects/blindly-server/server.js:7:15)
error: Forever detected script exited with code: 1
error: Script restart attempt #10
/home/pi/Projects/blindly-server/Sensors.js:3
export default class Sensors {
^^^^^^
SyntaxError: Unexpected token export
    at createScript (vm.js:56:10)
    at Object.runInThisContext (vm.js:97:10)
    at Module._compile (module.js:542:28)
    at Object.Module._extensions..js (module.js:579:10)
    at Module.load (module.js:487:32)
    at tryModuleLoad (module.js:446:12)
    at Function.Module._load (module.js:438:3)
    at Module.require (module.js:497:17)
    at require (internal/module.js:20:19)
    at Object.<anonymous> (/home/pi/Projects/blindly-server/server.js:7:15)
error: Forever detected script exited with code: 1
error: Script restart attempt #11
/home/pi/Projects/blindly-server/Sensors.js:3
export default class Sensors {
^^^^^^
SyntaxError: Unexpected token export
    at createScript (vm.js:56:10)
    at Object.runInThisContext (vm.js:97:10)
    at Module._compile (module.js:542:28)
    at Object.Module._extensions..js (module.js:579:10)
    at Module.load (module.js:487:32)
    at tryModuleLoad (module.js:446:12)
    at Function.Module._load (module.js:438:3)
    at Module.require (module.js:497:17)
    at require (internal/module.js:20:19)
    at Object.<anonymous> (/home/pi/Projects/blindly-server/server.js:7:15)
error: Forever detected script exited with code: 1
error: Script restart attempt #12
/home/pi/Projects/blindly-server/Sensors.js:3
export default class Sensors {
^^^^^^
SyntaxError: Unexpected token export
    at createScript (vm.js:56:10)
    at Object.runInThisContext (vm.js:97:10)
    at Module._compile (module.js:542:28)
    at Object.Module._extensions..js (module.js:579:10)
    at Module.load (module.js:487:32)
    at tryModuleLoad (module.js:446:12)
    at Function.Module._load (module.js:438:3)
    at Module.require (module.js:497:17)
    at require (internal/module.js:20:19)
    at Object.<anonymous> (/home/pi/Projects/blindly-server/server.js:7:15)
error: Forever detected script exited with code: 1
error: Script restart attempt #13
/home/pi/Projects/blindly-server/Sensors.js:3
export default class Sensors {
^^^^^^
SyntaxError: Unexpected token export
    at createScript (vm.js:56:10)
    at Object.runInThisContext (vm.js:97:10)
    at Module._compile (module.js:542:28)
    at Object.Module._extensions..js (module.js:579:10)
    at Module.load (module.js:487:32)
    at tryModuleLoad (module.js:446:12)
    at Function.Module._load (module.js:438:3)
    at Module.require (module.js:497:17)
    at require (internal/module.js:20:19)
    at Object.<anonymous> (/home/pi/Projects/blindly-server/server.js:7:15)
error: Forever detected script exited with code: 1
error: Script restart attempt #14
/home/pi/Projects/blindly-server/Sensors.js:3
export default class Sensors {
^^^^^^
SyntaxError: Unexpected token export
    at createScript (vm.js:56:10)
    at Object.runInThisContext (vm.js:97:10)
    at Module._compile (module.js:542:28)
    at Object.Module._extensions..js (module.js:579:10)
    at Module.load (module.js:487:32)
    at tryModuleLoad (module.js:446:12)
    at Function.Module._load (module.js:438:3)
    at Module.require (module.js:497:17)
    at require (internal/module.js:20:19)
    at Object.<anonymous> (/home/pi/Projects/blindly-server/server.js:7:15)
error: Forever detected script exited with code: 1
error: Script restart attempt #15
/home/pi/Projects/blindly-server/Sensors.js:3
export default class Sensors {
^^^^^^
SyntaxError: Unexpected token export
    at createScript (vm.js:56:10)
    at Object.runInThisContext (vm.js:97:10)
    at Module._compile (module.js:542:28)
    at Object.Module._extensions..js (module.js:579:10)
    at Module.load (module.js:487:32)
    at tryModuleLoad (module.js:446:12)
    at Function.Module._load (module.js:438:3)
    at Module.require (module.js:497:17)
    at require (internal/module.js:20:19)
    at Object.<anonymous> (/home/pi/Projects/blindly-server/server.js:7:15)
error: Forever detected script exited with code: 1
error: Script restart attempt #16
/home/pi/Projects/blindly-server/Sensors.js:3
export default class Sensors {
^^^^^^
SyntaxError: Unexpected token export
    at createScript (vm.js:56:10)
    at Object.runInThisContext (vm.js:97:10)
    at Module._compile (module.js:542:28)
    at Object.Module._extensions..js (module.js:579:10)
    at Module.load (module.js:487:32)
    at tryModuleLoad (module.js:446:12)
    at Function.Module._load (module.js:438:3)
    at Module.require (module.js:497:17)
    at require (internal/module.js:20:19)
    at Object.<anonymous> (/home/pi/Projects/blindly-server/server.js:7:15)
error: Forever detected script exited with code: 1
error: Script restart attempt #17
/home/pi/Projects/blindly-server/Sensors.js:3
export default class Sensors {
^^^^^^
SyntaxError: Unexpected token export
    at createScript (vm.js:56:10)
    at Object.runInThisContext (vm.js:97:10)
    at Module._compile (module.js:542:28)
    at Object.Module._extensions..js (module.js:579:10)
    at Module.load (module.js:487:32)
    at tryModuleLoad (module.js:446:12)
    at Function.Module._load (module.js:438:3)
    at Module.require (module.js:497:17)
    at require (internal/module.js:20:19)
    at Object.<anonymous> (/home/pi/Projects/blindly-server/server.js:7:15)
error: Forever detected script exited with code: 1
error: Script restart attempt #18
/home/pi/Projects/blindly-server/Sensors.js:3
export default class Sensors {
^^^^^^
SyntaxError: Unexpected token export
    at createScript (vm.js:56:10)
    at Object.runInThisContext (vm.js:97:10)
    at Module._compile (module.js:542:28)
    at Object.Module._extensions..js (module.js:579:10)
    at Module.load (module.js:487:32)
    at tryModuleLoad (module.js:446:12)
    at Function.Module._load (module.js:438:3)
    at Module.require (module.js:497:17)
    at require (internal/module.js:20:19)
    at Object.<anonymous> (/home/pi/Projects/blindly-server/server.js:7:15)
error: Forever detected script exited with code: 1
error: Script restart attempt #19
/home/pi/Projects/blindly-server/Sensors.js:3
export default class Sensors {
^^^^^^
SyntaxError: Unexpected token export
    at createScript (vm.js:56:10)
    at Object.runInThisContext (vm.js:97:10)
    at Module._compile (module.js:542:28)
    at Object.Module._extensions..js (module.js:579:10)
    at Module.load (module.js:487:32)
    at tryModuleLoad (module.js:446:12)
    at Function.Module._load (module.js:438:3)
    at Module.require (module.js:497:17)
    at require (internal/module.js:20:19)
    at Object.<anonymous> (/home/pi/Projects/blindly-server/server.js:7:15)
error: Forever detected script exited with code: 1
error: Script restart attempt #20
/home/pi/Projects/blindly-server/Sensors.js:3
export default class Sensors {
^^^^^^
SyntaxError: Unexpected token export
    at createScript (vm.js:56:10)
    at Object.runInThisContext (vm.js:97:10)
    at Module._compile (module.js:542:28)
    at Object.Module._extensions..js (module.js:579:10)
    at Module.load (module.js:487:32)
    at tryModuleLoad (module.js:446:12)
    at Function.Module._load (module.js:438:3)
    at Module.require (module.js:497:17)
    at require (internal/module.js:20:19)
    at Object.<anonymous> (/home/pi/Projects/blindly-server/server.js:7:15)
error: Forever detected script exited with code: 1
error: Script restart attempt #21
/home/pi/Projects/blindly-server/Sensors.js:3
export default class Sensors {
^^^^^^
SyntaxError: Unexpected token export
    at createScript (vm.js:56:10)
    at Object.runInThisContext (vm.js:97:10)
    at Module._compile (module.js:542:28)
    at Object.Module._extensions..js (module.js:579:10)
    at Module.load (module.js:487:32)
    at tryModuleLoad (module.js:446:12)
    at Function.Module._load (module.js:438:3)
    at Module.require (module.js:497:17)
    at require (internal/module.js:20:19)
    at Object.<anonymous> (/home/pi/Projects/blindly-server/server.js:7:15)
error: Forever detected script exited with code: 1
error: Script restart attempt #22
/home/pi/Projects/blindly-server/Sensors.js:3
export default class Sensors {
^^^^^^
SyntaxError: Unexpected token export
    at createScript (vm.js:56:10)
    at Object.runInThisContext (vm.js:97:10)
    at Module._compile (module.js:542:28)
    at Object.Module._extensions..js (module.js:579:10)
    at Module.load (module.js:487:32)
    at tryModuleLoad (module.js:446:12)
    at Function.Module._load (module.js:438:3)
    at Module.require (module.js:497:17)
    at require (internal/module.js:20:19)
    at Object.<anonymous> (/home/pi/Projects/blindly-server/server.js:7:15)
error: Forever detected script exited with code: 1
error: Script restart attempt #23
/home/pi/Projects/blindly-server/Sensors.js:3
export default class Sensors {
^^^^^^
SyntaxError: Unexpected token export
    at createScript (vm.js:56:10)
    at Object.runInThisContext (vm.js:97:10)
    at Module._compile (module.js:542:28)
    at Object.Module._extensions..js (module.js:579:10)
    at Module.load (module.js:487:32)
    at tryModuleLoad (module.js:446:12)
    at Function.Module._load (module.js:438:3)
    at Module.require (module.js:497:17)
    at require (internal/module.js:20:19)
    at Object.<anonymous> (/home/pi/Projects/blindly-server/server.js:7:15)
error: Forever detected script exited with code: 1
error: Script restart attempt #24
/home/pi/Projects/blindly-server/Sensors.js:3
export default class Sensors {
^^^^^^
SyntaxError: Unexpected token export
    at createScript (vm.js:56:10)
    at Object.runInThisContext (vm.js:97:10)
    at Module._compile (module.js:542:28)
    at Object.Module._extensions..js (module.js:579:10)
    at Module.load (module.js:487:32)
    at tryModuleLoad (module.js:446:12)
    at Function.Module._load (module.js:438:3)
    at Module.require (module.js:497:17)
    at require (internal/module.js:20:19)
    at Object.<anonymous> (/home/pi/Projects/blindly-server/server.js:7:15)
error: Forever detected script exited with code: 1
error: Script restart attempt #25
/home/pi/Projects/blindly-server/Sensors.js:3
export default class Sensors {
^^^^^^
SyntaxError: Unexpected token export
    at createScript (vm.js:56:10)
    at Object.runInThisContext (vm.js:97:10)
    at Module._compile (module.js:542:28)
    at Object.Module._extensions..js (module.js:579:10)
    at Module.load (module.js:487:32)
    at tryModuleLoad (module.js:446:12)
    at Function.Module._load (module.js:438:3)
    at Module.require (module.js:497:17)
    at require (internal/module.js:20:19)
    at Object.<anonymous> (/home/pi/Projects/blindly-server/server.js:7:15)
error: Forever detected script exited with code: 1
error: Script restart attempt #26
/home/pi/Projects/blindly-server/Sensors.js:3
export default class Sensors {
^^^^^^
SyntaxError: Unexpected token export
    at createScript (vm.js:56:10)
    at Object.runInThisContext (vm.js:97:10)
    at Module._compile (module.js:542:28)
    at Object.Module._extensions..js (module.js:579:10)
    at Module.load (module.js:487:32)
    at tryModuleLoad (module.js:446:12)
    at Function.Module._load (module.js:438:3)
    at Module.require (module.js:497:17)
    at require (internal/module.js:20:19)
    at Object.<anonymous> (/home/pi/Projects/blindly-server/server.js:7:15)
error: Forever detected script exited with code: 1
error: Script restart attempt #27
/home/pi/Projects/blindly-server/Sensors.js:3
export default class Sensors {
^^^^^^
SyntaxError: Unexpected token export
    at createScript (vm.js:56:10)
    at Object.runInThisContext (vm.js:97:10)
    at Module._compile (module.js:542:28)
    at Object.Module._extensions..js (module.js:579:10)
    at Module.load (module.js:487:32)
    at tryModuleLoad (module.js:446:12)
    at Function.Module._load (module.js:438:3)
    at Module.require (module.js:497:17)
    at require (internal/module.js:20:19)
    at Object.<anonymous> (/home/pi/Projects/blindly-server/server.js:7:15)
error: Forever detected script exited with code: 1
error: Script restart attempt #28
/home/pi/Projects/blindly-server/Sensors.js:3
export default class Sensors {
^^^^^^
SyntaxError: Unexpected token export
    at createScript (vm.js:56:10)
    at Object.runInThisContext (vm.js:97:10)
    at Module._compile (module.js:542:28)
    at Object.Module._extensions..js (module.js:579:10)
    at Module.load (module.js:487:32)
    at tryModuleLoad (module.js:446:12)
    at Function.Module._load (module.js:438:3)
    at Module.require (module.js:497:17)
    at require (internal/module.js:20:19)
    at Object.<anonymous> (/home/pi/Projects/blindly-server/server.js:7:15)
error: Forever detected script exited with code: 1
error: Script restart attempt #29
/home/pi/Projects/blindly-server/Sensors.js:3
export default class Sensors {
^^^^^^
SyntaxError: Unexpected token export
    at createScript (vm.js:56:10)
    at Object.runInThisContext (vm.js:97:10)
    at Module._compile (module.js:542:28)
    at Object.Module._extensions..js (module.js:579:10)
    at Module.load (module.js:487:32)
    at tryModuleLoad (module.js:446:12)
    at Function.Module._load (module.js:438:3)
    at Module.require (module.js:497:17)
    at require (internal/module.js:20:19)
    at Object.<anonymous> (/home/pi/Projects/blindly-server/server.js:7:15)
error: Forever detected script exited with code: 1
error: Script restart attempt #30
/home/pi/Projects/blindly-server/Sensors.js:3
export default class Sensors {
^^^^^^
SyntaxError: Unexpected token export
    at createScript (vm.js:56:10)
    at Object.runInThisContext (vm.js:97:10)
    at Module._compile (module.js:542:28)
    at Object.Module._extensions..js (module.js:579:10)
    at Module.load (module.js:487:32)
    at tryModuleLoad (module.js:446:12)
    at Function.Module._load (module.js:438:3)
    at Module.require (module.js:497:17)
    at require (internal/module.js:20:19)
    at Object.<anonymous> (/home/pi/Projects/blindly-server/server.js:7:15)
error: Forever detected script exited with code: 1
error: Script restart attempt #31
/home/pi/Projects/blindly-server/Sensors.js:3
export default class Sensors {
^^^^^^
SyntaxError: Unexpected token export
    at createScript (vm.js:56:10)
    at Object.runInThisContext (vm.js:97:10)
    at Module._compile (module.js:542:28)
    at Object.Module._extensions..js (module.js:579:10)
    at Module.load (module.js:487:32)
    at tryModuleLoad (module.js:446:12)
    at Function.Module._load (module.js:438:3)
    at Module.require (module.js:497:17)
    at require (internal/module.js:20:19)
    at Object.<anonymous> (/home/pi/Projects/blindly-server/server.js:7:15)
error: Forever detected script exited with code: 1
error: Script restart attempt #32
/home/pi/Projects/blindly-server/Sensors.js:3
export default class Sensors {
^^^^^^
SyntaxError: Unexpected token export
    at createScript (vm.js:56:10)
    at Object.runInThisContext (vm.js:97:10)
    at Module._compile (module.js:542:28)
    at Object.Module._extensions..js (module.js:579:10)
    at Module.load (module.js:487:32)
    at tryModuleLoad (module.js:446:12)
    at Function.Module._load (module.js:438:3)
    at Module.require (module.js:497:17)
    at require (internal/module.js:20:19)
    at Object.<anonymous> (/home/pi/Projects/blindly-server/server.js:7:15)
error: Forever detected script exited with code: 1
error: Script restart attempt #33
/home/pi/Projects/blindly-server/Sensors.js:3
export default class Sensors {
^^^^^^
SyntaxError: Unexpected token export
    at createScript (vm.js:56:10)
    at Object.runInThisContext (vm.js:97:10)
    at Module._compile (module.js:542:28)
    at Object.Module._extensions..js (module.js:579:10)
    at Module.load (module.js:487:32)
    at tryModuleLoad (module.js:446:12)
    at Function.Module._load (module.js:438:3)
    at Module.require (module.js:497:17)
    at require (internal/module.js:20:19)
    at Object.<anonymous> (/home/pi/Projects/blindly-server/server.js:7:15)
error: Forever detected script exited with code: 1
error: Script restart attempt #34
Server running on http://localhost:3000
Conection to /sensors
Socket ID: /sensors#-YJzeWZIw9njRWYhAAAA
Conection to /sensors
Socket ID: /sensors#xE_P7aGBqagw5rd7AAAB
Conection to /sensors
Socket ID: /sensors#9d9dcT34XIviUrafAAAC
Error reading echo from the Ultrasonic Sensor...
Server running on http://localhost:3000
/home/pi/Projects/blindly-server/server.js:16
const sensors = new Sensors();
                ^

TypeError: Sensors is not a constructor
    at Object.<anonymous> (/home/pi/Projects/blindly-server/server.js:16:17)
    at Module._compile (module.js:570:32)
    at Object.Module._extensions..js (module.js:579:10)
    at Module.load (module.js:487:32)
    at tryModuleLoad (module.js:446:12)
    at Function.Module._load (module.js:438:3)
    at Module.runMain (module.js:604:10)
    at run (bootstrap_node.js:393:7)
    at startup (bootstrap_node.js:150:9)
    at bootstrap_node.js:508:3
error: Forever detected script exited with code: 1
error: Script restart attempt #1
/home/pi/Projects/blindly-server/server.js:16
const sensors = new Sensors();
                ^

TypeError: Sensors is not a constructor
    at Object.<anonymous> (/home/pi/Projects/blindly-server/server.js:16:17)
    at Module._compile (module.js:570:32)
    at Object.Module._extensions..js (module.js:579:10)
    at Module.load (module.js:487:32)
    at tryModuleLoad (module.js:446:12)
    at Function.Module._load (module.js:438:3)
    at Module.runMain (module.js:604:10)
    at run (bootstrap_node.js:393:7)
    at startup (bootstrap_node.js:150:9)
    at bootstrap_node.js:508:3
error: Forever detected script exited with code: 1
error: Script restart attempt #2
/home/pi/Projects/blindly-server/server.js:16
const sensors = new Sensors();
                ^

TypeError: Sensors is not a constructor
    at Object.<anonymous> (/home/pi/Projects/blindly-server/server.js:16:17)
    at Module._compile (module.js:570:32)
    at Object.Module._extensions..js (module.js:579:10)
    at Module.load (module.js:487:32)
    at tryModuleLoad (module.js:446:12)
    at Function.Module._load (module.js:438:3)
    at Module.runMain (module.js:604:10)
    at run (bootstrap_node.js:393:7)
    at startup (bootstrap_node.js:150:9)
    at bootstrap_node.js:508:3
error: Forever detected script exited with code: 1
error: Script restart attempt #3
/home/pi/Projects/blindly-server/server.js:16
const sensors = new Sensors();
                ^

TypeError: Sensors is not a constructor
    at Object.<anonymous> (/home/pi/Projects/blindly-server/server.js:16:17)
    at Module._compile (module.js:570:32)
    at Object.Module._extensions..js (module.js:579:10)
    at Module.load (module.js:487:32)
    at tryModuleLoad (module.js:446:12)
    at Function.Module._load (module.js:438:3)
    at Module.runMain (module.js:604:10)
    at run (bootstrap_node.js:393:7)
    at startup (bootstrap_node.js:150:9)
    at bootstrap_node.js:508:3
error: Forever detected script exited with code: 1
error: Script restart attempt #4
/home/pi/Projects/blindly-server/server.js:16
const sensors = new Sensors();
                ^

TypeError: Sensors is not a constructor
    at Object.<anonymous> (/home/pi/Projects/blindly-server/server.js:16:17)
    at Module._compile (module.js:570:32)
    at Object.Module._extensions..js (module.js:579:10)
    at Module.load (module.js:487:32)
    at tryModuleLoad (module.js:446:12)
    at Function.Module._load (module.js:438:3)
    at Module.runMain (module.js:604:10)
    at run (bootstrap_node.js:393:7)
    at startup (bootstrap_node.js:150:9)
    at bootstrap_node.js:508:3
error: Forever detected script exited with code: 1
error: Script restart attempt #5
/home/pi/Projects/blindly-server/server.js:16
const sensors = new Sensors();
                ^

TypeError: Sensors is not a constructor
    at Object.<anonymous> (/home/pi/Projects/blindly-server/server.js:16:17)
    at Module._compile (module.js:570:32)
    at Object.Module._extensions..js (module.js:579:10)
    at Module.load (module.js:487:32)
    at tryModuleLoad (module.js:446:12)
    at Function.Module._load (module.js:438:3)
    at Module.runMain (module.js:604:10)
    at run (bootstrap_node.js:393:7)
    at startup (bootstrap_node.js:150:9)
    at bootstrap_node.js:508:3
error: Forever detected script exited with code: 1
error: Script restart attempt #6
/home/pi/Projects/blindly-server/server.js:16
const sensors = new Sensors();
                ^

TypeError: Sensors is not a constructor
    at Object.<anonymous> (/home/pi/Projects/blindly-server/server.js:16:17)
    at Module._compile (module.js:570:32)
    at Object.Module._extensions..js (module.js:579:10)
    at Module.load (module.js:487:32)
    at tryModuleLoad (module.js:446:12)
    at Function.Module._load (module.js:438:3)
    at Module.runMain (module.js:604:10)
    at run (bootstrap_node.js:393:7)
    at startup (bootstrap_node.js:150:9)
    at bootstrap_node.js:508:3
error: Forever detected script exited with code: 1
error: Script restart attempt #7
/home/pi/Projects/blindly-server/server.js:16
const sensors = new Sensors();
                ^

TypeError: Sensors is not a constructor
    at Object.<anonymous> (/home/pi/Projects/blindly-server/server.js:16:17)
    at Module._compile (module.js:570:32)
    at Object.Module._extensions..js (module.js:579:10)
    at Module.load (module.js:487:32)
    at tryModuleLoad (module.js:446:12)
    at Function.Module._load (module.js:438:3)
    at Module.runMain (module.js:604:10)
    at run (bootstrap_node.js:393:7)
    at startup (bootstrap_node.js:150:9)
    at bootstrap_node.js:508:3
error: Forever detected script exited with code: 1
error: Script restart attempt #8
/home/pi/Projects/blindly-server/server.js:16
const sensors = new Sensors();
                ^

TypeError: Sensors is not a constructor
    at Object.<anonymous> (/home/pi/Projects/blindly-server/server.js:16:17)
    at Module._compile (module.js:570:32)
    at Object.Module._extensions..js (module.js:579:10)
    at Module.load (module.js:487:32)
    at tryModuleLoad (module.js:446:12)
    at Function.Module._load (module.js:438:3)
    at Module.runMain (module.js:604:10)
    at run (bootstrap_node.js:393:7)
    at startup (bootstrap_node.js:150:9)
    at bootstrap_node.js:508:3
error: Forever detected script exited with code: 1
error: Script restart attempt #9
/home/pi/Projects/blindly-server/server.js:16
const sensors = new Sensors();
                ^

TypeError: Sensors is not a constructor
    at Object.<anonymous> (/home/pi/Projects/blindly-server/server.js:16:17)
    at Module._compile (module.js:570:32)
    at Object.Module._extensions..js (module.js:579:10)
    at Module.load (module.js:487:32)
    at tryModuleLoad (module.js:446:12)
    at Function.Module._load (module.js:438:3)
    at Module.runMain (module.js:604:10)
    at run (bootstrap_node.js:393:7)
    at startup (bootstrap_node.js:150:9)
    at bootstrap_node.js:508:3
error: Forever detected script exited with code: 1
error: Script restart attempt #10
/home/pi/Projects/blindly-server/server.js:16
const sensors = new Sensors();
                ^

TypeError: Sensors is not a constructor
    at Object.<anonymous> (/home/pi/Projects/blindly-server/server.js:16:17)
    at Module._compile (module.js:570:32)
    at Object.Module._extensions..js (module.js:579:10)
    at Module.load (module.js:487:32)
    at tryModuleLoad (module.js:446:12)
    at Function.Module._load (module.js:438:3)
    at Module.runMain (module.js:604:10)
    at run (bootstrap_node.js:393:7)
    at startup (bootstrap_node.js:150:9)
    at bootstrap_node.js:508:3
error: Forever detected script exited with code: 1
error: Script restart attempt #11
/home/pi/Projects/blindly-server/server.js:16
const sensors = new Sensors();
                ^

TypeError: Sensors is not a constructor
    at Object.<anonymous> (/home/pi/Projects/blindly-server/server.js:16:17)
    at Module._compile (module.js:570:32)
    at Object.Module._extensions..js (module.js:579:10)
    at Module.load (module.js:487:32)
    at tryModuleLoad (module.js:446:12)
    at Function.Module._load (module.js:438:3)
    at Module.runMain (module.js:604:10)
    at run (bootstrap_node.js:393:7)
    at startup (bootstrap_node.js:150:9)
    at bootstrap_node.js:508:3
error: Forever detected script exited with code: 1
error: Script restart attempt #12
/home/pi/Projects/blindly-server/server.js:16
const sensors = new Sensors();
                ^

TypeError: Sensors is not a constructor
    at Object.<anonymous> (/home/pi/Projects/blindly-server/server.js:16:17)
    at Module._compile (module.js:570:32)
    at Object.Module._extensions..js (module.js:579:10)
    at Module.load (module.js:487:32)
    at tryModuleLoad (module.js:446:12)
    at Function.Module._load (module.js:438:3)
    at Module.runMain (module.js:604:10)
    at run (bootstrap_node.js:393:7)
    at startup (bootstrap_node.js:150:9)
    at bootstrap_node.js:508:3
error: Forever detected script exited with code: 1
error: Script restart attempt #13
/home/pi/Projects/blindly-server/server.js:16
const sensors = new Sensors();
                ^

TypeError: Sensors is not a constructor
    at Object.<anonymous> (/home/pi/Projects/blindly-server/server.js:16:17)
    at Module._compile (module.js:570:32)
    at Object.Module._extensions..js (module.js:579:10)
    at Module.load (module.js:487:32)
    at tryModuleLoad (module.js:446:12)
    at Function.Module._load (module.js:438:3)
    at Module.runMain (module.js:604:10)
    at run (bootstrap_node.js:393:7)
    at startup (bootstrap_node.js:150:9)
    at bootstrap_node.js:508:3
error: Forever detected script exited with code: 1
error: Script restart attempt #14
/home/pi/Projects/blindly-server/server.js:16
const sensors = new Sensors();
                ^

TypeError: Sensors is not a constructor
    at Object.<anonymous> (/home/pi/Projects/blindly-server/server.js:16:17)
    at Module._compile (module.js:570:32)
    at Object.Module._extensions..js (module.js:579:10)
    at Module.load (module.js:487:32)
    at tryModuleLoad (module.js:446:12)
    at Function.Module._load (module.js:438:3)
    at Module.runMain (module.js:604:10)
    at run (bootstrap_node.js:393:7)
    at startup (bootstrap_node.js:150:9)
    at bootstrap_node.js:508:3
error: Forever detected script exited with code: 1
error: Script restart attempt #15
/home/pi/Projects/blindly-server/server.js:16
const sensors = new Sensors();
                ^

TypeError: Sensors is not a constructor
    at Object.<anonymous> (/home/pi/Projects/blindly-server/server.js:16:17)
    at Module._compile (module.js:570:32)
    at Object.Module._extensions..js (module.js:579:10)
    at Module.load (module.js:487:32)
    at tryModuleLoad (module.js:446:12)
    at Function.Module._load (module.js:438:3)
    at Module.runMain (module.js:604:10)
    at run (bootstrap_node.js:393:7)
    at startup (bootstrap_node.js:150:9)
    at bootstrap_node.js:508:3
error: Forever detected script exited with code: 1
error: Script restart attempt #16
/home/pi/Projects/blindly-server/server.js:16
const sensors = new Sensors();
                ^

TypeError: Sensors is not a constructor
    at Object.<anonymous> (/home/pi/Projects/blindly-server/server.js:16:17)
    at Module._compile (module.js:570:32)
    at Object.Module._extensions..js (module.js:579:10)
    at Module.load (module.js:487:32)
    at tryModuleLoad (module.js:446:12)
    at Function.Module._load (module.js:438:3)
    at Module.runMain (module.js:604:10)
    at run (bootstrap_node.js:393:7)
    at startup (bootstrap_node.js:150:9)
    at bootstrap_node.js:508:3
error: Forever detected script exited with code: 1
error: Script restart attempt #17
/home/pi/Projects/blindly-server/server.js:16
const sensors = new Sensors();
                ^

TypeError: Sensors is not a constructor
    at Object.<anonymous> (/home/pi/Projects/blindly-server/server.js:16:17)
    at Module._compile (module.js:570:32)
    at Object.Module._extensions..js (module.js:579:10)
    at Module.load (module.js:487:32)
    at tryModuleLoad (module.js:446:12)
    at Function.Module._load (module.js:438:3)
    at Module.runMain (module.js:604:10)
    at run (bootstrap_node.js:393:7)
    at startup (bootstrap_node.js:150:9)
    at bootstrap_node.js:508:3
error: Forever detected script exited with code: 1
error: Script restart attempt #18
/home/pi/Projects/blindly-server/server.js:16
const sensors = new Sensors();
                ^

TypeError: Sensors is not a constructor
    at Object.<anonymous> (/home/pi/Projects/blindly-server/server.js:16:17)
    at Module._compile (module.js:570:32)
    at Object.Module._extensions..js (module.js:579:10)
    at Module.load (module.js:487:32)
    at tryModuleLoad (module.js:446:12)
    at Function.Module._load (module.js:438:3)
    at Module.runMain (module.js:604:10)
    at run (bootstrap_node.js:393:7)
    at startup (bootstrap_node.js:150:9)
    at bootstrap_node.js:508:3
error: Forever detected script exited with code: 1
error: Script restart attempt #19
/home/pi/Projects/blindly-server/server.js:16
const sensors = new Sensors();
                ^

TypeError: Sensors is not a constructor
    at Object.<anonymous> (/home/pi/Projects/blindly-server/server.js:16:17)
    at Module._compile (module.js:570:32)
    at Object.Module._extensions..js (module.js:579:10)
    at Module.load (module.js:487:32)
    at tryModuleLoad (module.js:446:12)
    at Function.Module._load (module.js:438:3)
    at Module.runMain (module.js:604:10)
    at run (bootstrap_node.js:393:7)
    at startup (bootstrap_node.js:150:9)
    at bootstrap_node.js:508:3
error: Forever detected script exited with code: 1
error: Script restart attempt #20
/home/pi/Projects/blindly-server/server.js:16
const sensors = new Sensors();
                ^

TypeError: Sensors is not a constructor
    at Object.<anonymous> (/home/pi/Projects/blindly-server/server.js:16:17)
    at Module._compile (module.js:570:32)
    at Object.Module._extensions..js (module.js:579:10)
    at Module.load (module.js:487:32)
    at tryModuleLoad (module.js:446:12)
    at Function.Module._load (module.js:438:3)
    at Module.runMain (module.js:604:10)
    at run (bootstrap_node.js:393:7)
    at startup (bootstrap_node.js:150:9)
    at bootstrap_node.js:508:3
error: Forever detected script exited with code: 1
error: Script restart attempt #21
/home/pi/Projects/blindly-server/server.js:16
const sensors = new Sensors();
                ^

TypeError: Sensors is not a constructor
    at Object.<anonymous> (/home/pi/Projects/blindly-server/server.js:16:17)
    at Module._compile (module.js:570:32)
    at Object.Module._extensions..js (module.js:579:10)
    at Module.load (module.js:487:32)
    at tryModuleLoad (module.js:446:12)
    at Function.Module._load (module.js:438:3)
    at Module.runMain (module.js:604:10)
    at run (bootstrap_node.js:393:7)
    at startup (bootstrap_node.js:150:9)
    at bootstrap_node.js:508:3
error: Forever detected script exited with code: 1
error: Script restart attempt #22
/home/pi/Projects/blindly-server/server.js:16
const sensors = new Sensors();
                ^

TypeError: Sensors is not a constructor
    at Object.<anonymous> (/home/pi/Projects/blindly-server/server.js:16:17)
    at Module._compile (module.js:570:32)
    at Object.Module._extensions..js (module.js:579:10)
    at Module.load (module.js:487:32)
    at tryModuleLoad (module.js:446:12)
    at Function.Module._load (module.js:438:3)
    at Module.runMain (module.js:604:10)
    at run (bootstrap_node.js:393:7)
    at startup (bootstrap_node.js:150:9)
    at bootstrap_node.js:508:3
error: Forever detected script exited with code: 1
error: Script restart attempt #23
/home/pi/Projects/blindly-server/server.js:16
const sensors = new Sensors();
                ^

TypeError: Sensors is not a constructor
    at Object.<anonymous> (/home/pi/Projects/blindly-server/server.js:16:17)
    at Module._compile (module.js:570:32)
    at Object.Module._extensions..js (module.js:579:10)
    at Module.load (module.js:487:32)
    at tryModuleLoad (module.js:446:12)
    at Function.Module._load (module.js:438:3)
    at Module.runMain (module.js:604:10)
    at run (bootstrap_node.js:393:7)
    at startup (bootstrap_node.js:150:9)
    at bootstrap_node.js:508:3
error: Forever detected script exited with code: 1
error: Script restart attempt #24
/home/pi/Projects/blindly-server/server.js:16
const sensors = new Sensors();
                ^

TypeError: Sensors is not a constructor
    at Object.<anonymous> (/home/pi/Projects/blindly-server/server.js:16:17)
    at Module._compile (module.js:570:32)
    at Object.Module._extensions..js (module.js:579:10)
    at Module.load (module.js:487:32)
    at tryModuleLoad (module.js:446:12)
    at Function.Module._load (module.js:438:3)
    at Module.runMain (module.js:604:10)
    at run (bootstrap_node.js:393:7)
    at startup (bootstrap_node.js:150:9)
    at bootstrap_node.js:508:3
error: Forever detected script exited with code: 1
error: Script restart attempt #25
/home/pi/Projects/blindly-server/server.js:16
const sensors = new Sensors();
                ^

TypeError: Sensors is not a constructor
    at Object.<anonymous> (/home/pi/Projects/blindly-server/server.js:16:17)
    at Module._compile (module.js:570:32)
    at Object.Module._extensions..js (module.js:579:10)
    at Module.load (module.js:487:32)
    at tryModuleLoad (module.js:446:12)
    at Function.Module._load (module.js:438:3)
    at Module.runMain (module.js:604:10)
    at run (bootstrap_node.js:393:7)
    at startup (bootstrap_node.js:150:9)
    at bootstrap_node.js:508:3
error: Forever detected script exited with code: 1
error: Script restart attempt #26
/home/pi/Projects/blindly-server/server.js:16
const sensors = new Sensors();
                ^

TypeError: Sensors is not a constructor
    at Object.<anonymous> (/home/pi/Projects/blindly-server/server.js:16:17)
    at Module._compile (module.js:570:32)
    at Object.Module._extensions..js (module.js:579:10)
    at Module.load (module.js:487:32)
    at tryModuleLoad (module.js:446:12)
    at Function.Module._load (module.js:438:3)
    at Module.runMain (module.js:604:10)
    at run (bootstrap_node.js:393:7)
    at startup (bootstrap_node.js:150:9)
    at bootstrap_node.js:508:3
error: Forever detected script exited with code: 1
error: Script restart attempt #27
/home/pi/Projects/blindly-server/server.js:16
const sensors = new Sensors();
                ^

TypeError: Sensors is not a constructor
    at Object.<anonymous> (/home/pi/Projects/blindly-server/server.js:16:17)
    at Module._compile (module.js:570:32)
    at Object.Module._extensions..js (module.js:579:10)
    at Module.load (module.js:487:32)
    at tryModuleLoad (module.js:446:12)
    at Function.Module._load (module.js:438:3)
    at Module.runMain (module.js:604:10)
    at run (bootstrap_node.js:393:7)
    at startup (bootstrap_node.js:150:9)
    at bootstrap_node.js:508:3
error: Forever detected script exited with code: 1
error: Script restart attempt #28
/home/pi/Projects/blindly-server/server.js:16
const sensors = new Sensors();
                ^

TypeError: Sensors is not a constructor
    at Object.<anonymous> (/home/pi/Projects/blindly-server/server.js:16:17)
    at Module._compile (module.js:570:32)
    at Object.Module._extensions..js (module.js:579:10)
    at Module.load (module.js:487:32)
    at tryModuleLoad (module.js:446:12)
    at Function.Module._load (module.js:438:3)
    at Module.runMain (module.js:604:10)
    at run (bootstrap_node.js:393:7)
    at startup (bootstrap_node.js:150:9)
    at bootstrap_node.js:508:3
error: Forever detected script exited with code: 1
error: Script restart attempt #29
/home/pi/Projects/blindly-server/server.js:16
const sensors = new Sensors();
                ^

TypeError: Sensors is not a constructor
    at Object.<anonymous> (/home/pi/Projects/blindly-server/server.js:16:17)
    at Module._compile (module.js:570:32)
    at Object.Module._extensions..js (module.js:579:10)
    at Module.load (module.js:487:32)
    at tryModuleLoad (module.js:446:12)
    at Function.Module._load (module.js:438:3)
    at Module.runMain (module.js:604:10)
    at run (bootstrap_node.js:393:7)
    at startup (bootstrap_node.js:150:9)
    at bootstrap_node.js:508:3
error: Forever detected script exited with code: 1
error: Script restart attempt #30
/home/pi/Projects/blindly-server/server.js:16
const sensors = new Sensors();
                ^

TypeError: Sensors is not a constructor
    at Object.<anonymous> (/home/pi/Projects/blindly-server/server.js:16:17)
    at Module._compile (module.js:570:32)
    at Object.Module._extensions..js (module.js:579:10)
    at Module.load (module.js:487:32)
    at tryModuleLoad (module.js:446:12)
    at Function.Module._load (module.js:438:3)
    at Module.runMain (module.js:604:10)
    at run (bootstrap_node.js:393:7)
    at startup (bootstrap_node.js:150:9)
    at bootstrap_node.js:508:3
error: Forever detected script exited with code: 1
error: Script restart attempt #31
/home/pi/Projects/blindly-server/server.js:16
const sensors = new Sensors();
                ^

TypeError: Sensors is not a constructor
    at Object.<anonymous> (/home/pi/Projects/blindly-server/server.js:16:17)
    at Module._compile (module.js:570:32)
    at Object.Module._extensions..js (module.js:579:10)
    at Module.load (module.js:487:32)
    at tryModuleLoad (module.js:446:12)
    at Function.Module._load (module.js:438:3)
    at Module.runMain (module.js:604:10)
    at run (bootstrap_node.js:393:7)
    at startup (bootstrap_node.js:150:9)
    at bootstrap_node.js:508:3
error: Forever detected script exited with code: 1
error: Script restart attempt #32
/home/pi/Projects/blindly-server/server.js:16
const sensors = new Sensors();
                ^

TypeError: Sensors is not a constructor
    at Object.<anonymous> (/home/pi/Projects/blindly-server/server.js:16:17)
    at Module._compile (module.js:570:32)
    at Object.Module._extensions..js (module.js:579:10)
    at Module.load (module.js:487:32)
    at tryModuleLoad (module.js:446:12)
    at Function.Module._load (module.js:438:3)
    at Module.runMain (module.js:604:10)
    at run (bootstrap_node.js:393:7)
    at startup (bootstrap_node.js:150:9)
    at bootstrap_node.js:508:3
error: Forever detected script exited with code: 1
error: Script restart attempt #33
/home/pi/Projects/blindly-server/server.js:16
const sensors = new Sensors();
                ^

TypeError: Sensors is not a constructor
    at Object.<anonymous> (/home/pi/Projects/blindly-server/server.js:16:17)
    at Module._compile (module.js:570:32)
    at Object.Module._extensions..js (module.js:579:10)
    at Module.load (module.js:487:32)
    at tryModuleLoad (module.js:446:12)
    at Function.Module._load (module.js:438:3)
    at Module.runMain (module.js:604:10)
    at run (bootstrap_node.js:393:7)
    at startup (bootstrap_node.js:150:9)
    at bootstrap_node.js:508:3
error: Forever detected script exited with code: 1
error: Script restart attempt #34
/home/pi/Projects/blindly-server/server.js:16
const sensors = new Sensors();
                ^

TypeError: Sensors is not a constructor
    at Object.<anonymous> (/home/pi/Projects/blindly-server/server.js:16:17)
    at Module._compile (module.js:570:32)
    at Object.Module._extensions..js (module.js:579:10)
    at Module.load (module.js:487:32)
    at tryModuleLoad (module.js:446:12)
    at Function.Module._load (module.js:438:3)
    at Module.runMain (module.js:604:10)
    at run (bootstrap_node.js:393:7)
    at startup (bootstrap_node.js:150:9)
    at bootstrap_node.js:508:3
error: Forever detected script exited with code: 1
error: Script restart attempt #35
/home/pi/Projects/blindly-server/server.js:16
const sensors = new Sensors();
                ^

TypeError: Sensors is not a constructor
    at Object.<anonymous> (/home/pi/Projects/blindly-server/server.js:16:17)
    at Module._compile (module.js:570:32)
    at Object.Module._extensions..js (module.js:579:10)
    at Module.load (module.js:487:32)
    at tryModuleLoad (module.js:446:12)
    at Function.Module._load (module.js:438:3)
    at Module.runMain (module.js:604:10)
    at run (bootstrap_node.js:393:7)
    at startup (bootstrap_node.js:150:9)
    at bootstrap_node.js:508:3
error: Forever detected script exited with code: 1
error: Script restart attempt #36
/home/pi/Projects/blindly-server/server.js:16
const sensors = new Sensors();
                ^

TypeError: Sensors is not a constructor
    at Object.<anonymous> (/home/pi/Projects/blindly-server/server.js:16:17)
    at Module._compile (module.js:570:32)
    at Object.Module._extensions..js (module.js:579:10)
    at Module.load (module.js:487:32)
    at tryModuleLoad (module.js:446:12)
    at Function.Module._load (module.js:438:3)
    at Module.runMain (module.js:604:10)
    at run (bootstrap_node.js:393:7)
    at startup (bootstrap_node.js:150:9)
    at bootstrap_node.js:508:3
error: Forever detected script exited with code: 1
error: Script restart attempt #37
/home/pi/Projects/blindly-server/server.js:16
const sensors = new Sensors();
                ^

TypeError: Sensors is not a constructor
    at Object.<anonymous> (/home/pi/Projects/blindly-server/server.js:16:17)
    at Module._compile (module.js:570:32)
    at Object.Module._extensions..js (module.js:579:10)
    at Module.load (module.js:487:32)
    at tryModuleLoad (module.js:446:12)
    at Function.Module._load (module.js:438:3)
    at Module.runMain (module.js:604:10)
    at run (bootstrap_node.js:393:7)
    at startup (bootstrap_node.js:150:9)
    at bootstrap_node.js:508:3
error: Forever detected script exited with code: 1
error: Script restart attempt #38
/home/pi/Projects/blindly-server/server.js:16
const sensors = new Sensors();
                ^

TypeError: Sensors is not a constructor
    at Object.<anonymous> (/home/pi/Projects/blindly-server/server.js:16:17)
    at Module._compile (module.js:570:32)
    at Object.Module._extensions..js (module.js:579:10)
    at Module.load (module.js:487:32)
    at tryModuleLoad (module.js:446:12)
    at Function.Module._load (module.js:438:3)
    at Module.runMain (module.js:604:10)
    at run (bootstrap_node.js:393:7)
    at startup (bootstrap_node.js:150:9)
    at bootstrap_node.js:508:3
error: Forever detected script exited with code: 1
error: Script restart attempt #39
/home/pi/Projects/blindly-server/server.js:16
const sensors = new Sensors();
                ^

TypeError: Sensors is not a constructor
    at Object.<anonymous> (/home/pi/Projects/blindly-server/server.js:16:17)
    at Module._compile (module.js:570:32)
    at Object.Module._extensions..js (module.js:579:10)
    at Module.load (module.js:487:32)
    at tryModuleLoad (module.js:446:12)
    at Function.Module._load (module.js:438:3)
    at Module.runMain (module.js:604:10)
    at run (bootstrap_node.js:393:7)
    at startup (bootstrap_node.js:150:9)
    at bootstrap_node.js:508:3
error: Forever detected script exited with code: 1
error: Script restart attempt #40
/home/pi/Projects/blindly-server/server.js:16
const sensors = new Sensors();
                ^

TypeError: Sensors is not a constructor
    at Object.<anonymous> (/home/pi/Projects/blindly-server/server.js:16:17)
    at Module._compile (module.js:570:32)
    at Object.Module._extensions..js (module.js:579:10)
    at Module.load (module.js:487:32)
    at tryModuleLoad (module.js:446:12)
    at Function.Module._load (module.js:438:3)
    at Module.runMain (module.js:604:10)
    at run (bootstrap_node.js:393:7)
    at startup (bootstrap_node.js:150:9)
    at bootstrap_node.js:508:3
error: Forever detected script exited with code: 1
error: Script restart attempt #41
/home/pi/Projects/blindly-server/server.js:16
const sensors = new Sensors();
                ^

TypeError: Sensors is not a constructor
    at Object.<anonymous> (/home/pi/Projects/blindly-server/server.js:16:17)
    at Module._compile (module.js:570:32)
    at Object.Module._extensions..js (module.js:579:10)
    at Module.load (module.js:487:32)
    at tryModuleLoad (module.js:446:12)
    at Function.Module._load (module.js:438:3)
    at Module.runMain (module.js:604:10)
    at run (bootstrap_node.js:393:7)
    at startup (bootstrap_node.js:150:9)
    at bootstrap_node.js:508:3
error: Forever detected script exited with code: 1
error: Script restart attempt #42
/home/pi/Projects/blindly-server/server.js:16
const sensors = new Sensors();
                ^

TypeError: Sensors is not a constructor
    at Object.<anonymous> (/home/pi/Projects/blindly-server/server.js:16:17)
    at Module._compile (module.js:570:32)
    at Object.Module._extensions..js (module.js:579:10)
    at Module.load (module.js:487:32)
    at tryModuleLoad (module.js:446:12)
    at Function.Module._load (module.js:438:3)
    at Module.runMain (module.js:604:10)
    at run (bootstrap_node.js:393:7)
    at startup (bootstrap_node.js:150:9)
    at bootstrap_node.js:508:3
error: Forever detected script exited with code: 1
error: Script restart attempt #43
/home/pi/Projects/blindly-server/server.js:16
const sensors = new Sensors();
                ^

TypeError: Sensors is not a constructor
    at Object.<anonymous> (/home/pi/Projects/blindly-server/server.js:16:17)
    at Module._compile (module.js:570:32)
    at Object.Module._extensions..js (module.js:579:10)
    at Module.load (module.js:487:32)
    at tryModuleLoad (module.js:446:12)
    at Function.Module._load (module.js:438:3)
    at Module.runMain (module.js:604:10)
    at run (bootstrap_node.js:393:7)
    at startup (bootstrap_node.js:150:9)
    at bootstrap_node.js:508:3
error: Forever detected script exited with code: 1
error: Script restart attempt #44
/home/pi/Projects/blindly-server/server.js:16
const sensors = new Sensors();
                ^

TypeError: Sensors is not a constructor
    at Object.<anonymous> (/home/pi/Projects/blindly-server/server.js:16:17)
    at Module._compile (module.js:570:32)
    at Object.Module._extensions..js (module.js:579:10)
    at Module.load (module.js:487:32)
    at tryModuleLoad (module.js:446:12)
    at Function.Module._load (module.js:438:3)
    at Module.runMain (module.js:604:10)
    at run (bootstrap_node.js:393:7)
    at startup (bootstrap_node.js:150:9)
    at bootstrap_node.js:508:3
error: Forever detected script exited with code: 1
error: Script restart attempt #45
/home/pi/Projects/blindly-server/server.js:16
const sensors = new Sensors();
                ^

TypeError: Sensors is not a constructor
    at Object.<anonymous> (/home/pi/Projects/blindly-server/server.js:16:17)
    at Module._compile (module.js:570:32)
    at Object.Module._extensions..js (module.js:579:10)
    at Module.load (module.js:487:32)
    at tryModuleLoad (module.js:446:12)
    at Function.Module._load (module.js:438:3)
    at Module.runMain (module.js:604:10)
    at run (bootstrap_node.js:393:7)
    at startup (bootstrap_node.js:150:9)
    at bootstrap_node.js:508:3
error: Forever detected script exited with code: 1
error: Script restart attempt #46
/home/pi/Projects/blindly-server/server.js:16
const sensors = new Sensors();
                ^

TypeError: Sensors is not a constructor
    at Object.<anonymous> (/home/pi/Projects/blindly-server/server.js:16:17)
    at Module._compile (module.js:570:32)
    at Object.Module._extensions..js (module.js:579:10)
    at Module.load (module.js:487:32)
    at tryModuleLoad (module.js:446:12)
    at Function.Module._load (module.js:438:3)
    at Module.runMain (module.js:604:10)
    at run (bootstrap_node.js:393:7)
    at startup (bootstrap_node.js:150:9)
    at bootstrap_node.js:508:3
error: Forever detected script exited with code: 1
error: Script restart attempt #47
/home/pi/Projects/blindly-server/server.js:16
const sensors = new Sensors();
                ^

TypeError: Sensors is not a constructor
    at Object.<anonymous> (/home/pi/Projects/blindly-server/server.js:16:17)
    at Module._compile (module.js:570:32)
    at Object.Module._extensions..js (module.js:579:10)
    at Module.load (module.js:487:32)
    at tryModuleLoad (module.js:446:12)
    at Function.Module._load (module.js:438:3)
    at Module.runMain (module.js:604:10)
    at run (bootstrap_node.js:393:7)
    at startup (bootstrap_node.js:150:9)
    at bootstrap_node.js:508:3
error: Forever detected script exited with code: 1
error: Script restart attempt #48
/home/pi/Projects/blindly-server/server.js:16
const sensors = new Sensors();
                ^

TypeError: Sensors is not a constructor
    at Object.<anonymous> (/home/pi/Projects/blindly-server/server.js:16:17)
    at Module._compile (module.js:570:32)
    at Object.Module._extensions..js (module.js:579:10)
    at Module.load (module.js:487:32)
    at tryModuleLoad (module.js:446:12)
    at Function.Module._load (module.js:438:3)
    at Module.runMain (module.js:604:10)
    at run (bootstrap_node.js:393:7)
    at startup (bootstrap_node.js:150:9)
    at bootstrap_node.js:508:3
error: Forever detected script exited with code: 1
error: Script restart attempt #49
/home/pi/Projects/blindly-server/server.js:16
const sensors = new Sensors();
                ^

TypeError: Sensors is not a constructor
    at Object.<anonymous> (/home/pi/Projects/blindly-server/server.js:16:17)
    at Module._compile (module.js:570:32)
    at Object.Module._extensions..js (module.js:579:10)
    at Module.load (module.js:487:32)
    at tryModuleLoad (module.js:446:12)
    at Function.Module._load (module.js:438:3)
    at Module.runMain (module.js:604:10)
    at run (bootstrap_node.js:393:7)
    at startup (bootstrap_node.js:150:9)
    at bootstrap_node.js:508:3
error: Forever detected script exited with code: 1
error: Script restart attempt #50
/home/pi/Projects/blindly-server/server.js:16
const sensors = new Sensors();
                ^

TypeError: Sensors is not a constructor
    at Object.<anonymous> (/home/pi/Projects/blindly-server/server.js:16:17)
    at Module._compile (module.js:570:32)
    at Object.Module._extensions..js (module.js:579:10)
    at Module.load (module.js:487:32)
    at tryModuleLoad (module.js:446:12)
    at Function.Module._load (module.js:438:3)
    at Module.runMain (module.js:604:10)
    at run (bootstrap_node.js:393:7)
    at startup (bootstrap_node.js:150:9)
    at bootstrap_node.js:508:3
error: Forever detected script exited with code: 1
error: Script restart attempt #51
/home/pi/Projects/blindly-server/server.js:16
const sensors = new Sensors();
                ^

TypeError: Sensors is not a constructor
    at Object.<anonymous> (/home/pi/Projects/blindly-server/server.js:16:17)
    at Module._compile (module.js:570:32)
    at Object.Module._extensions..js (module.js:579:10)
    at Module.load (module.js:487:32)
    at tryModuleLoad (module.js:446:12)
    at Function.Module._load (module.js:438:3)
    at Module.runMain (module.js:604:10)
    at run (bootstrap_node.js:393:7)
    at startup (bootstrap_node.js:150:9)
    at bootstrap_node.js:508:3
error: Forever detected script exited with code: 1
error: Script restart attempt #52
/home/pi/Projects/blindly-server/server.js:16
const sensors = new Sensors();
                ^

TypeError: Sensors is not a constructor
    at Object.<anonymous> (/home/pi/Projects/blindly-server/server.js:16:17)
    at Module._compile (module.js:570:32)
    at Object.Module._extensions..js (module.js:579:10)
    at Module.load (module.js:487:32)
    at tryModuleLoad (module.js:446:12)
    at Function.Module._load (module.js:438:3)
    at Module.runMain (module.js:604:10)
    at run (bootstrap_node.js:393:7)
    at startup (bootstrap_node.js:150:9)
    at bootstrap_node.js:508:3
error: Forever detected script exited with code: 1
error: Script restart attempt #53
/home/pi/Projects/blindly-server/server.js:16
const sensors = new Sensors();
                ^

TypeError: Sensors is not a constructor
    at Object.<anonymous> (/home/pi/Projects/blindly-server/server.js:16:17)
    at Module._compile (module.js:570:32)
    at Object.Module._extensions..js (module.js:579:10)
    at Module.load (module.js:487:32)
    at tryModuleLoad (module.js:446:12)
    at Function.Module._load (module.js:438:3)
    at Module.runMain (module.js:604:10)
    at run (bootstrap_node.js:393:7)
    at startup (bootstrap_node.js:150:9)
    at bootstrap_node.js:508:3
error: Forever detected script exited with code: 1
error: Script restart attempt #54
Server running on http://localhost:3000
Server running on http://localhost:3000
Socket ID: /sensors#ZNKkwNF5AvhYx5hSAAAA connected to /sensors
Socket ID: /sensors#ZNKkwNF5AvhYx5hSAAAA subscribed to alerts
Server running on http://localhost:3000
